# JRE version: OpenJDK Runtime Environment (11.0.11+9) (build 11.0.11+9-b60-7590822)
# Java VM: OpenJDK 64-Bit Server VM (11.0.11+9-b60-7590822, mixed mode, tiered, compressed oops, g1 gc, windows-amd64)
Heap:
 garbage-first heap   total 262144K, used 161471K [0x0000000080000000, 0x0000000100000000)
  region size 1024K, 49 young (50176K), 1 survivors (1024K)
 Metaspace       used 125912K, capacity 130431K, committed 130748K, reserved 1163264K
  class space    used 15650K, capacity 17320K, committed 17536K, reserved 1048576K
GC Heap History (20 events):
Event: 9240.694 GC heap before
{Heap before GC invocations=74 (full 0):
 garbage-first heap   total 262144K, used 200936K [0x0000000080000000, 0x0000000100000000)
  region size 1024K, 114 young (116736K), 1 survivors (1024K)
 Metaspace       used 124968K, capacity 129417K, committed 129852K, reserved 1161216K
  class space    used 15531K, capacity 17107K, committed 17408K, reserved 1048576K
}
Event: 9240.727 GC heap after
{Heap after GC invocations=75 (full 0):
 garbage-first heap   total 262144K, used 94420K [0x0000000080000000, 0x0000000100000000)
  region size 1024K, 9 young (9216K), 9 survivors (9216K)
 Metaspace       used 124968K, capacity 129417K, committed 129852K, reserved 1161216K
  class space    used 15531K, capacity 17107K, committed 17408K, reserved 1048576K
}
Event: 9297.882 GC heap before
{Heap before GC invocations=76 (full 0):
 garbage-first heap   total 262144K, used 222420K [0x0000000080000000, 0x0000000100000000)
  region size 1024K, 118 young (120832K), 9 survivors (9216K)
 Metaspace       used 125072K, capacity 129420K, committed 129852K, reserved 1161216K
  class space    used 15531K, capacity 17107K, committed 17408K, reserved 1048576K
}
Event: 9297.892 GC heap after
{Heap after GC invocations=77 (full 0):
 garbage-first heap   total 262144K, used 99035K [0x0000000080000000, 0x0000000100000000)
  region size 1024K, 9 young (9216K), 9 survivors (9216K)
 Metaspace       used 125072K, capacity 129420K, committed 129852K, reserved 1161216K
  class space    used 15531K, capacity 17107K, committed 17408K, reserved 1048576K
}
Event: 9297.899 GC heap before
{Heap before GC invocations=77 (full 0):
 garbage-first heap   total 262144K, used 102107K [0x0000000080000000, 0x0000000100000000)
  region size 1024K, 12 young (12288K), 9 survivors (9216K)
 Metaspace       used 125073K, capacity 129420K, committed 129852K, reserved 1161216K
  class space    used 15531K, capacity 17107K, committed 17408K, reserved 1048576K
}
Event: 9297.908 GC heap after
{Heap after GC invocations=78 (full 0):
 garbage-first heap   total 262144K, used 94602K [0x0000000080000000, 0x0000000100000000)
  region size 1024K, 2 young (2048K), 2 survivors (2048K)
 Metaspace       used 125073K, capacity 129420K, committed 129852K, reserved 1161216K
  class space    used 15531K, capacity 17107K, committed 17408K, reserved 1048576K
}
Event: 9298.114 GC heap before
{Heap before GC invocations=78 (full 0):
 garbage-first heap   total 262144K, used 132490K [0x0000000080000000, 0x0000000100000000)
  region size 1024K, 41 young (41984K), 2 survivors (2048K)
 Metaspace       used 125090K, capacity 129420K, committed 129852K, reserved 1161216K
  class space    used 15531K, capacity 17107K, committed 17408K, reserved 1048576K
}
Event: 9298.119 GC heap after
{Heap after GC invocations=79 (full 0):
 garbage-first heap   total 262144K, used 94800K [0x0000000080000000, 0x0000000100000000)
  region size 1024K, 2 young (2048K), 2 survivors (2048K)
 Metaspace       used 125090K, capacity 129420K, committed 129852K, reserved 1161216K
  class space    used 15531K, capacity 17107K, committed 17408K, reserved 1048576K
}
Event: 9336.129 GC heap before
{Heap before GC invocations=80 (full 0):
 garbage-first heap   total 262144K, used 230992K [0x0000000080000000, 0x0000000100000000)
  region size 1024K, 114 young (116736K), 2 survivors (2048K)
 Metaspace       used 125188K, capacity 129492K, committed 129852K, reserved 1161216K
  class space    used 15532K, capacity 17108K, committed 17408K, reserved 1048576K
}
Event: 9336.137 GC heap after
{Heap after GC invocations=81 (full 0):
 garbage-first heap   total 262144K, used 100301K [0x0000000080000000, 0x0000000100000000)
  region size 1024K, 9 young (9216K), 9 survivors (9216K)
 Metaspace       used 125188K, capacity 129492K, committed 129852K, reserved 1161216K
  class space    used 15532K, capacity 17108K, committed 17408K, reserved 1048576K
}
Event: 9336.160 GC heap before
{Heap before GC invocations=81 (full 0):
 garbage-first heap   total 262144K, used 103373K [0x0000000080000000, 0x0000000100000000)
  region size 1024K, 12 young (12288K), 9 survivors (9216K)
 Metaspace       used 125196K, capacity 129495K, committed 129852K, reserved 1161216K
  class space    used 15533K, capacity 17109K, committed 17408K, reserved 1048576K
}
Event: 9336.170 GC heap after
{Heap after GC invocations=82 (full 0):
 garbage-first heap   total 262144K, used 97780K [0x0000000080000000, 0x0000000100000000)
  region size 1024K, 1 young (1024K), 1 survivors (1024K)
 Metaspace       used 125196K, capacity 129495K, committed 129852K, reserved 1161216K
  class space    used 15533K, capacity 17109K, committed 17408K, reserved 1048576K
}
Event: 9336.338 GC heap before
{Heap before GC invocations=82 (full 0):
 garbage-first heap   total 262144K, used 115188K [0x0000000080000000, 0x0000000100000000)
  region size 1024K, 20 young (20480K), 1 survivors (1024K)
 Metaspace       used 125204K, capacity 129562K, committed 130108K, reserved 1163264K
  class space    used 15533K, capacity 17110K, committed 17408K, reserved 1048576K
}
Event: 9336.343 GC heap after
{Heap after GC invocations=83 (full 0):
 garbage-first heap   total 262144K, used 97552K [0x0000000080000000, 0x0000000100000000)
  region size 1024K, 1 young (1024K), 1 survivors (1024K)
 Metaspace       used 125204K, capacity 129562K, committed 130108K, reserved 1163264K
  class space    used 15533K, capacity 17110K, committed 17408K, reserved 1048576K
}
Event: 9374.715 GC heap before
{Heap before GC invocations=84 (full 0):
 garbage-first heap   total 262144K, used 230672K [0x0000000080000000, 0x0000000100000000)
  region size 1024K, 109 young (111616K), 1 survivors (1024K)
 Metaspace       used 125284K, capacity 129691K, committed 130108K, reserved 1163264K
  class space    used 15533K, capacity 17110K, committed 17408K, reserved 1048576K
}
Event: 9374.724 GC heap after
{Heap after GC invocations=85 (full 0):
 garbage-first heap   total 262144K, used 106805K [0x0000000080000000, 0x0000000100000000)
  region size 1024K, 10 young (10240K), 10 survivors (10240K)
 Metaspace       used 125284K, capacity 129691K, committed 130108K, reserved 1163264K
  class space    used 15533K, capacity 17110K, committed 17408K, reserved 1048576K
}
Event: 9374.727 GC heap before
{Heap before GC invocations=85 (full 0):
 garbage-first heap   total 262144K, used 108853K [0x0000000080000000, 0x0000000100000000)
  region size 1024K, 12 young (12288K), 10 survivors (10240K)
 Metaspace       used 125284K, capacity 129691K, committed 130108K, reserved 1163264K
  class space    used 15533K, capacity 17110K, committed 17408K, reserved 1048576K
}
Event: 9374.738 GC heap after
{Heap after GC invocations=86 (full 0):
 garbage-first heap   total 262144K, used 99550K [0x0000000080000000, 0x0000000100000000)
  region size 1024K, 1 young (1024K), 1 survivors (1024K)
 Metaspace       used 125284K, capacity 129691K, committed 130108K, reserved 1163264K
  class space    used 15533K, capacity 17110K, committed 17408K, reserved 1048576K
}
Event: 9374.928 GC heap before
{Heap before GC invocations=86 (full 0):
 garbage-first heap   total 262144K, used 122078K [0x0000000080000000, 0x0000000100000000)
  region size 1024K, 25 young (25600K), 1 survivors (1024K)
 Metaspace       used 125295K, capacity 129703K, committed 130108K, reserved 1163264K
  class space    used 15534K, capacity 17112K, committed 17408K, reserved 1048576K
}
Event: 9374.934 GC heap after
{Heap after GC invocations=87 (full 0):
 garbage-first heap   total 262144K, used 100031K [0x0000000080000000, 0x0000000100000000)
  region size 1024K, 1 young (1024K), 1 survivors (1024K)
 Metaspace       used 125295K, capacity 129703K, committed 130108K, reserved 1163264K
  class space    used 15534K, capacity 17112K, committed 17408K, reserved 1048576K
}

